This is e-pTeX, Version 3.1415926-p3.4-110825-2.6 (utf8.euc) (TeX Live 2013/Debian) (format=platex 2017.5.23)  25 MAY 2017 14:29
entering extended mode
 restricted \write18 enabled.
 %&-line parsing enabled.
**1.tex
(./1.tex
pLaTeX2e <2006/11/10> (based on LaTeX2e <2011/06/27> patch level 0)
Babel <3.9h> and hyphenation patterns for 78 languages loaded.
! Undefined control sequence.
l.1 \section
            {レンズの歪曲収差とは何か}
The control sequence at the end of the top line
of your error message was never \def'ed. If you have
misspelled it (e.g., `\hobx'), type `I' and the correct
spelling (e.g., `I\hbox'). Otherwise just continue,
and I'll forget about whatever was undefined.


! LaTeX Error: Missing \begin{document}.

See the LaTeX manual or LaTeX Companion for explanation.
Type  H <return>  for immediate help.
 ...                                              
                                                  
l.1 \section{レ
               ンズの歪曲収差とは何か}
You're in trouble here.  Try typing  <return>  to proceed.
If that doesn't work, type  X <return>  to quit.


Overfull \hbox (20.0pt too wide) in paragraph at lines 1--6
[]
 []


Overfull \hbox (9.62216pt too wide) in paragraph at lines 1--6
\JY1/mc/m/n/10 レ
 []


Overfull \hbox (9.62216pt too wide) in paragraph at lines 1--6
\JY1/mc/m/n/10 ン
 []


Overfull \hbox (9.62216pt too wide) in paragraph at lines 1--6
\JY1/mc/m/n/10 ズ
 []


Overfull \hbox (9.62216pt too wide) in paragraph at lines 1--6
\JY1/mc/m/n/10 の
 []


Overfull \hbox (9.62216pt too wide) in paragraph at lines 1--6
\JY1/mc/m/n/10 歪
 []


Overfull \hbox (9.62216pt too wide) in paragraph at lines 1--6
\JY1/mc/m/n/10 曲
 []


Overfull \hbox (9.62216pt too wide) in paragraph at lines 1--6
\JY1/mc/m/n/10 収
 []


Overfull \hbox (9.62216pt too wide) in paragraph at lines 1--6
\JY1/mc/m/n/10 差
 []


Overfull \hbox (9.62216pt too wide) in paragraph at lines 1--6
\JY1/mc/m/n/10 と
 []


Overfull \hbox (9.62216pt too wide) in paragraph at lines 1--6
\JY1/mc/m/n/10 は
 []


Overfull \hbox (9.62216pt too wide) in paragraph at lines 1--6
\JY1/mc/m/n/10 何
 []


Overfull \hbox (9.62216pt too wide) in paragraph at lines 1--6
\JY1/mc/m/n/10 か
 []


Overfull \hbox (9.62216pt too wide) in paragraph at lines 1--6
\JY1/mc/m/n/10 収
 []


Overfull \hbox (9.62216pt too wide) in paragraph at lines 1--6
\JY1/mc/m/n/10 差
 []


Overfull \hbox (9.62216pt too wide) in paragraph at lines 1--6
\JY1/mc/m/n/10 を
 []


Overfull \hbox (9.62216pt too wide) in paragraph at lines 1--6
\JY1/mc/m/n/10 大
 []


Overfull \hbox (9.62216pt too wide) in paragraph at lines 1--6
\JY1/mc/m/n/10 別
 []


Overfull \hbox (9.62216pt too wide) in paragraph at lines 1--6
\JY1/mc/m/n/10 す
 []


Overfull \hbox (9.62216pt too wide) in paragraph at lines 1--6
\JY1/mc/m/n/10 る
 []


Overfull \hbox (14.1623pt too wide) in paragraph at lines 1--6
\JY1/mc/m/n/10 と 、
 []


Overfull \hbox (9.62216pt too wide) in paragraph at lines 1--6
\JY1/mc/m/n/10 単
 []


Overfull \hbox (9.62216pt too wide) in paragraph at lines 1--6
\JY1/mc/m/n/10 色
 []


Overfull \hbox (9.62216pt too wide) in paragraph at lines 1--6
\JY1/mc/m/n/10 収
 []


Overfull \hbox (9.62216pt too wide) in paragraph at lines 1--6
\JY1/mc/m/n/10 差
 []


Overfull \hbox (9.62216pt too wide) in paragraph at lines 1--6
\JY1/mc/m/n/10 と
 []


Overfull \hbox (9.62216pt too wide) in paragraph at lines 1--6
\JY1/mc/m/n/10 色
 []


Overfull \hbox (9.62216pt too wide) in paragraph at lines 1--6
\JY1/mc/m/n/10 収
 []


Overfull \hbox (9.62216pt too wide) in paragraph at lines 1--6
\JY1/mc/m/n/10 差
 []


Overfull \hbox (9.62216pt too wide) in paragraph at lines 1--6
\JY1/mc/m/n/10 に
 []


Overfull \hbox (9.62216pt too wide) in paragraph at lines 1--6
\JY1/mc/m/n/10 分
 []


Overfull \hbox (9.62216pt too wide) in paragraph at lines 1--6
\JY1/mc/m/n/10 け
 []


Overfull \hbox (9.62216pt too wide) in paragraph at lines 1--6
\JY1/mc/m/n/10 ら
 []


Overfull \hbox (9.62216pt too wide) in paragraph at lines 1--6
\JY1/mc/m/n/10 れ
 []


Overfull \hbox (14.1623pt too wide) in paragraph at lines 1--6
\JY1/mc/m/n/10 る 。
 []


Overfull \hbox (9.62216pt too wide) in paragraph at lines 1--6
\JY1/mc/m/n/10 歪
 []


Overfull \hbox (9.62216pt too wide) in paragraph at lines 1--6
\JY1/mc/m/n/10 曲
 []


Overfull \hbox (9.62216pt too wide) in paragraph at lines 1--6
\JY1/mc/m/n/10 収
 []


Overfull \hbox (9.62216pt too wide) in paragraph at lines 1--6
\JY1/mc/m/n/10 差
 []


Overfull \hbox (9.62216pt too wide) in paragraph at lines 1--6
\JY1/mc/m/n/10 は
 []


Overfull \hbox (9.62216pt too wide) in paragraph at lines 1--6
\JY1/mc/m/n/10 単
 []


Overfull \hbox (9.62216pt too wide) in paragraph at lines 1--6
\JY1/mc/m/n/10 色
 []


Overfull \hbox (9.62216pt too wide) in paragraph at lines 1--6
\JY1/mc/m/n/10 収
 []


Overfull \hbox (9.62216pt too wide) in paragraph at lines 1--6
\JY1/mc/m/n/10 差
 []


Overfull \hbox (9.62216pt too wide) in paragraph at lines 1--6
\JY1/mc/m/n/10 の
 []


Overfull \hbox (9.62216pt too wide) in paragraph at lines 1--6
\JY1/mc/m/n/10 ひ
 []


Overfull \hbox (9.62216pt too wide) in paragraph at lines 1--6
\JY1/mc/m/n/10 と
 []


Overfull \hbox (9.62216pt too wide) in paragraph at lines 1--6
\JY1/mc/m/n/10 つ
 []


Overfull \hbox (9.62216pt too wide) in paragraph at lines 1--6
\JY1/mc/m/n/10 で
 []


Overfull \hbox (9.62216pt too wide) in paragraph at lines 1--6
\JY1/mc/m/n/10 あ
 []


Overfull \hbox (14.1623pt too wide) in paragraph at lines 1--6
\JY1/mc/m/n/10 る 。
 []


Overfull \hbox (9.62216pt too wide) in paragraph at lines 1--6
\JY1/mc/m/n/10 単
 []


Overfull \hbox (9.62216pt too wide) in paragraph at lines 1--6
\JY1/mc/m/n/10 色
 []


Overfull \hbox (9.62216pt too wide) in paragraph at lines 1--6
\JY1/mc/m/n/10 収
 []


Overfull \hbox (9.62216pt too wide) in paragraph at lines 1--6
\JY1/mc/m/n/10 差
 []


Overfull \hbox (9.62216pt too wide) in paragraph at lines 1--6
\JY1/mc/m/n/10 に
 []


Overfull \hbox (9.62216pt too wide) in paragraph at lines 1--6
\JY1/mc/m/n/10 は
 []


Overfull \hbox (9.62216pt too wide) in paragraph at lines 1--6
\JY1/mc/m/n/10 記
 []


Overfull \hbox (9.62216pt too wide) in paragraph at lines 1--6
\JY1/mc/m/n/10 述
 []


Overfull \hbox (9.62216pt too wide) in paragraph at lines 1--6
\JY1/mc/m/n/10 方
 []


Overfull \hbox (9.62216pt too wide) in paragraph at lines 1--6
\JY1/mc/m/n/10 法
 []


Overfull \hbox (9.62216pt too wide) in paragraph at lines 1--6
\JY1/mc/m/n/10 の
 []


Overfull \hbox (9.62216pt too wide) in paragraph at lines 1--6
\JY1/mc/m/n/10 異
 []


Overfull \hbox (9.62216pt too wide) in paragraph at lines 1--6
\JY1/mc/m/n/10 な
 []


Overfull \hbox (9.62216pt too wide) in paragraph at lines 1--6
\JY1/mc/m/n/10 る
 []


Overfull \hbox (9.62216pt too wide) in paragraph at lines 1--6
\JY1/mc/m/n/10 光
 []


Overfull \hbox (9.62216pt too wide) in paragraph at lines 1--6
\JY1/mc/m/n/10 線
 []


Overfull \hbox (9.62216pt too wide) in paragraph at lines 1--6
\JY1/mc/m/n/10 収
 []


Overfull \hbox (9.62216pt too wide) in paragraph at lines 1--6
\JY1/mc/m/n/10 差
 []


Overfull \hbox (9.62216pt too wide) in paragraph at lines 1--6
\JY1/mc/m/n/10 と
 []


Overfull \hbox (9.62216pt too wide) in paragraph at lines 1--6
\JY1/mc/m/n/10 波
 []


Overfull \hbox (9.62216pt too wide) in paragraph at lines 1--6
\JY1/mc/m/n/10 面
 []


Overfull \hbox (9.62216pt too wide) in paragraph at lines 1--6
\JY1/mc/m/n/10 収
 []


Overfull \hbox (9.62216pt too wide) in paragraph at lines 1--6
\JY1/mc/m/n/10 差
 []


Overfull \hbox (9.62216pt too wide) in paragraph at lines 1--6
\JY1/mc/m/n/10 の
 []


Overfull \hbox (9.62216pt too wide) in paragraph at lines 1--6
\JY1/mc/m/n/10 分
 []


Overfull \hbox (9.62216pt too wide) in paragraph at lines 1--6
\JY1/mc/m/n/10 類
 []


Overfull \hbox (9.62216pt too wide) in paragraph at lines 1--6
\JY1/mc/m/n/10 が
 []


Overfull \hbox (9.62216pt too wide) in paragraph at lines 1--6
\JY1/mc/m/n/10 あ
 []


Overfull \hbox (9.62216pt too wide) in paragraph at lines 1--6
\JY1/mc/m/n/10 る
 []


Overfull \hbox (14.1623pt too wide) in paragraph at lines 1--6
\JY1/mc/m/n/10 が 、
 []


Overfull \hbox (9.62216pt too wide) in paragraph at lines 1--6
\JY1/mc/m/n/10 物
 []


Overfull \hbox (9.62216pt too wide) in paragraph at lines 1--6
\JY1/mc/m/n/10 理
 []


Overfull \hbox (9.62216pt too wide) in paragraph at lines 1--6
\JY1/mc/m/n/10 的
 []


Overfull \hbox (9.62216pt too wide) in paragraph at lines 1--6
\JY1/mc/m/n/10 実
 []


Overfull \hbox (9.62216pt too wide) in paragraph at lines 1--6
\JY1/mc/m/n/10 体
 []


Overfull \hbox (9.62216pt too wide) in paragraph at lines 1--6
\JY1/mc/m/n/10 は
 []


Overfull \hbox (9.62216pt too wide) in paragraph at lines 1--6
\JY1/mc/m/n/10 同
 []


Overfull \hbox (9.62216pt too wide) in paragraph at lines 1--6
\JY1/mc/m/n/10 じ
 []


Overfull \hbox (9.62216pt too wide) in paragraph at lines 1--6
\JY1/mc/m/n/10 で
 []


Overfull \hbox (9.62216pt too wide) in paragraph at lines 1--6
\JY1/mc/m/n/10 あ
 []


Overfull \hbox (14.18115pt too wide) in paragraph at lines 1--6
\JY1/mc/m/n/10 り、
 []


Overfull \hbox (9.62216pt too wide) in paragraph at lines 1--6
\JY1/mc/m/n/10 光
 []


Overfull \hbox (9.62216pt too wide) in paragraph at lines 1--6
\JY1/mc/m/n/10 線
 []


Overfull \hbox (9.62216pt too wide) in paragraph at lines 1--6
\JY1/mc/m/n/10 収
 []


Overfull \hbox (9.62216pt too wide) in paragraph at lines 1--6
\JY1/mc/m/n/10 差
 []


Overfull \hbox (9.62216pt too wide) in paragraph at lines 1--6
\JY1/mc/m/n/10 を
 []


Overfull \hbox (9.62216pt too wide) in paragraph at lines 1--6
\JY1/mc/m/n/10 求
 []


Overfull \hbox (9.62216pt too wide) in paragraph at lines 1--6
\JY1/mc/m/n/10 め
 []


Overfull \hbox (9.62216pt too wide) in paragraph at lines 1--6
\JY1/mc/m/n/10 る
 []


Overfull \hbox (9.62216pt too wide) in paragraph at lines 1--6
\JY1/mc/m/n/10 た
 []


Overfull \hbox (9.62216pt too wide) in paragraph at lines 1--6
\JY1/mc/m/n/10 め
 []


Overfull \hbox (14.1623pt too wide) in paragraph at lines 1--6
\JY1/mc/m/n/10 に 、
 []


Overfull \hbox (9.62216pt too wide) in paragraph at lines 1--6
\JY1/mc/m/n/10 屈
 []


Overfull \hbox (9.62216pt too wide) in paragraph at lines 1--6
\JY1/mc/m/n/10 折
 []


Overfull \hbox (9.62216pt too wide) in paragraph at lines 1--6
\JY1/mc/m/n/10 面
 []


Overfull \hbox (9.62216pt too wide) in paragraph at lines 1--6
\JY1/mc/m/n/10 に
 []


Overfull \hbox (9.62216pt too wide) in paragraph at lines 1--6
\JY1/mc/m/n/10 お
 []


Overfull \hbox (9.62216pt too wide) in paragraph at lines 1--6
\JY1/mc/m/n/10 い
 []


Overfull \hbox (9.62216pt too wide) in paragraph at lines 1--6
\JY1/mc/m/n/10 て
 []


Overfull \hbox (9.62216pt too wide) in paragraph at lines 1--6
\JY1/mc/m/n/10 ス
 []


Overfull \hbox (9.62216pt too wide) in paragraph at lines 1--6
\JY1/mc/m/n/10 ネ
 []


Overfull \hbox (9.62216pt too wide) in paragraph at lines 1--6
\JY1/mc/m/n/10 ル
 []


Overfull \hbox (9.62216pt too wide) in paragraph at lines 1--6
\JY1/mc/m/n/10 の
 []


Overfull \hbox (9.62216pt too wide) in paragraph at lines 1--6
\JY1/mc/m/n/10 法
 []


Overfull \hbox (9.62216pt too wide) in paragraph at lines 1--6
\JY1/mc/m/n/10 則
 []


Overfull \hbox (9.62216pt too wide) in paragraph at lines 1--6
\JY1/mc/m/n/10 を
 []


Overfull \hbox (9.62216pt too wide) in paragraph at lines 1--6
\JY1/mc/m/n/10 用
 []


Overfull \hbox (9.62216pt too wide) in paragraph at lines 1--6
\JY1/mc/m/n/10 い
 []


Overfull \hbox (9.62216pt too wide) in paragraph at lines 1--6
\JY1/mc/m/n/10 て
 []


Overfull \hbox (9.62216pt too wide) in paragraph at lines 1--6
\JY1/mc/m/n/10 光
 []


Overfull \hbox (9.62216pt too wide) in paragraph at lines 1--6
\JY1/mc/m/n/10 線
 []


Overfull \hbox (9.62216pt too wide) in paragraph at lines 1--6
\JY1/mc/m/n/10 を
 []


Overfull \hbox (9.62216pt too wide) in paragraph at lines 1--6
\JY1/mc/m/n/10 追
 []


Overfull \hbox (9.62216pt too wide) in paragraph at lines 1--6
\JY1/mc/m/n/10 跡
 []


Overfull \hbox (9.62216pt too wide) in paragraph at lines 1--6
\JY1/mc/m/n/10 す
 []


Overfull \hbox (9.62216pt too wide) in paragraph at lines 1--6
\JY1/mc/m/n/10 る
 []


Overfull \hbox (9.62216pt too wide) in paragraph at lines 1--6
\JY1/mc/m/n/10 と
 []


Overfull \hbox (14.1623pt too wide) in paragraph at lines 1--6
\JY1/mc/m/n/10 き 、
 []


Overfull \hbox (9.62216pt too wide) in paragraph at lines 1--6
\JY1/mc/m/n/10 近
 []


Overfull \hbox (9.62216pt too wide) in paragraph at lines 1--6
\JY1/mc/m/n/10 似
 []


Overfull \hbox (9.62216pt too wide) in paragraph at lines 1--6
\JY1/mc/m/n/10 し
 []


Overfull \hbox (9.62216pt too wide) in paragraph at lines 1--6
\JY1/mc/m/n/10 て
 []


Overfull \hbox (9.62216pt too wide) in paragraph at lines 1--6
\JY1/mc/m/n/10 い
 []


Overfull \hbox (9.62216pt too wide) in paragraph at lines 1--6
\JY1/mc/m/n/10 く
 []


Overfull \hbox (9.62216pt too wide) in paragraph at lines 1--6
\JY1/mc/m/n/10 な
 []


Overfull \hbox (9.62216pt too wide) in paragraph at lines 1--6
\JY1/mc/m/n/10 か
 []


Overfull \hbox (14.1623pt too wide) in paragraph at lines 1--6
\JY1/mc/m/n/10 で 、
 []


Overfull \hbox (9.62216pt too wide) in paragraph at lines 1--6
\JY1/mc/m/n/10 光
 []


Overfull \hbox (9.62216pt too wide) in paragraph at lines 1--6
\JY1/mc/m/n/10 線
 []


Overfull \hbox (9.62216pt too wide) in paragraph at lines 1--6
\JY1/mc/m/n/10 収
 []


Overfull \hbox (9.62216pt too wide) in paragraph at lines 1--6
\JY1/mc/m/n/10 差
 []


Overfull \hbox (9.62216pt too wide) in paragraph at lines 1--6
\JY1/mc/m/n/10 に
 []


Overfull \hbox (9.62216pt too wide) in paragraph at lines 1--6
\JY1/mc/m/n/10 は
 []


Overfull \hbox (5.00002pt too wide) in paragraph at lines 1--6
\OT1/cmr/m/n/10 5
 []


Overfull \hbox (9.62216pt too wide) in paragraph at lines 1--6
\JY1/mc/m/n/10 つ
 []


Overfull \hbox (9.62216pt too wide) in paragraph at lines 1--6
\JY1/mc/m/n/10 の
 []


Overfull \hbox (9.62216pt too wide) in paragraph at lines 1--6
\JY1/mc/m/n/10 分
 []


Overfull \hbox (9.62216pt too wide) in paragraph at lines 1--6
\JY1/mc/m/n/10 類
 []


Overfull \hbox (9.62216pt too wide) in paragraph at lines 1--6
\JY1/mc/m/n/10 が
 []


Overfull \hbox (9.62216pt too wide) in paragraph at lines 1--6
\JY1/mc/m/n/10 出
 []


Overfull \hbox (9.62216pt too wide) in paragraph at lines 1--6
\JY1/mc/m/n/10 来
 []


Overfull \hbox (9.62216pt too wide) in paragraph at lines 1--6
\JY1/mc/m/n/10 上
 []


Overfull \hbox (9.62216pt too wide) in paragraph at lines 1--6
\JY1/mc/m/n/10 が
 []


Overfull \hbox (14.1623pt too wide) in paragraph at lines 1--6
\JY1/mc/m/n/10 る 。
 []


Overfull \hbox (9.62216pt too wide) in paragraph at lines 1--6
\JY1/mc/m/n/10 こ
 []


Overfull \hbox (9.62216pt too wide) in paragraph at lines 1--6
\JY1/mc/m/n/10 れ
 []


Overfull \hbox (9.62216pt too wide) in paragraph at lines 1--6
\JY1/mc/m/n/10 は
 []


Overfull \hbox (9.62216pt too wide) in paragraph at lines 1--6
\JY1/mc/m/n/10 ザ
 []


Overfull \hbox (9.62216pt too wide) in paragraph at lines 1--6
\JY1/mc/m/n/10 イ
 []


Overfull \hbox (9.62216pt too wide) in paragraph at lines 1--6
\JY1/mc/m/n/10 デ
 []


Overfull \hbox (9.62216pt too wide) in paragraph at lines 1--6
\JY1/mc/m/n/10 ル
 []


Overfull \hbox (9.62216pt too wide) in paragraph at lines 1--6
\JY1/mc/m/n/10 の
 []


Overfull \hbox (5.00002pt too wide) in paragraph at lines 1--6
\OT1/cmr/m/n/10 5
 []


Overfull \hbox (9.62216pt too wide) in paragraph at lines 1--6
\JY1/mc/m/n/10 収
 []


Overfull \hbox (9.62216pt too wide) in paragraph at lines 1--6
\JY1/mc/m/n/10 差
 []


Overfull \hbox (9.62216pt too wide) in paragraph at lines 1--6
\JY1/mc/m/n/10 と
 []


Overfull \hbox (9.62216pt too wide) in paragraph at lines 1--6
\JY1/mc/m/n/10 呼
 []


Overfull \hbox (9.62216pt too wide) in paragraph at lines 1--6
\JY1/mc/m/n/10 ば
 []


Overfull \hbox (14.1623pt too wide) in paragraph at lines 1--6
\JY1/mc/m/n/10 れ 、
 []


Overfull \hbox (9.62216pt too wide) in paragraph at lines 1--6
\JY1/mc/m/n/10 歪
 []


Overfull \hbox (9.62216pt too wide) in paragraph at lines 1--6
\JY1/mc/m/n/10 曲
 []


Overfull \hbox (9.62216pt too wide) in paragraph at lines 1--6
\JY1/mc/m/n/10 収
 []


Overfull \hbox (9.62216pt too wide) in paragraph at lines 1--6
\JY1/mc/m/n/10 差
 []


Overfull \hbox (9.62216pt too wide) in paragraph at lines 1--6
\JY1/mc/m/n/10 は
 []


Overfull \hbox (9.62216pt too wide) in paragraph at lines 1--6
\JY1/mc/m/n/10 そ
 []


Overfull \hbox (9.62216pt too wide) in paragraph at lines 1--6
\JY1/mc/m/n/10 の
 []


Overfull \hbox (9.62216pt too wide) in paragraph at lines 1--6
\JY1/mc/m/n/10 ひ
 []


Overfull \hbox (9.62216pt too wide) in paragraph at lines 1--6
\JY1/mc/m/n/10 と
 []


Overfull \hbox (9.62216pt too wide) in paragraph at lines 1--6
\JY1/mc/m/n/10 つ
 []


Overfull \hbox (9.62216pt too wide) in paragraph at lines 1--6
\JY1/mc/m/n/10 と
 []


Overfull \hbox (9.62216pt too wide) in paragraph at lines 1--6
\JY1/mc/m/n/10 さ
 []


Overfull \hbox (9.62216pt too wide) in paragraph at lines 1--6
\JY1/mc/m/n/10 れ
 []


Overfull \hbox (9.62216pt too wide) in paragraph at lines 1--6
\JY1/mc/m/n/10 て
 []


Overfull \hbox (9.62216pt too wide) in paragraph at lines 1--6
\JY1/mc/m/n/10 い
 []


Overfull \hbox (14.1623pt too wide) in paragraph at lines 1--6
\JY1/mc/m/n/10 る 。
 []


Overfull \hbox (9.62216pt too wide) in paragraph at lines 1--6
\JY1/mc/m/n/10 ザ
 []


Overfull \hbox (9.62216pt too wide) in paragraph at lines 1--6
\JY1/mc/m/n/10 イ
 []


Overfull \hbox (9.62216pt too wide) in paragraph at lines 1--6
\JY1/mc/m/n/10 デ
 []


Overfull \hbox (9.62216pt too wide) in paragraph at lines 1--6
\JY1/mc/m/n/10 ル
 []


Overfull \hbox (9.62216pt too wide) in paragraph at lines 1--6
\JY1/mc/m/n/10 の
 []


Overfull \hbox (5.00002pt too wide) in paragraph at lines 1--6
\OT1/cmr/m/n/10 5
 []


Overfull \hbox (9.62216pt too wide) in paragraph at lines 1--6
\JY1/mc/m/n/10 収
 []


Overfull \hbox (9.62216pt too wide) in paragraph at lines 1--6
\JY1/mc/m/n/10 差
 []


Overfull \hbox (9.62216pt too wide) in paragraph at lines 1--6
\JY1/mc/m/n/10 は
 []


Overfull \hbox (9.62216pt too wide) in paragraph at lines 1--6
\JY1/mc/m/n/10 以
 []


Overfull \hbox (9.62216pt too wide) in paragraph at lines 1--6
\JY1/mc/m/n/10 下
 []


Overfull \hbox (9.62216pt too wide) in paragraph at lines 1--6
\JY1/mc/m/n/10 の
 []


Overfull \hbox (9.62216pt too wide) in paragraph at lines 1--6
\JY1/mc/m/n/10 よ
 []


Overfull \hbox (9.62216pt too wide) in paragraph at lines 1--6
\JY1/mc/m/n/10 う
 []


Overfull \hbox (9.62216pt too wide) in paragraph at lines 1--6
\JY1/mc/m/n/10 な
 []


Overfull \hbox (9.62216pt too wide) in paragraph at lines 1--6
\JY1/mc/m/n/10 式
 []


Overfull \hbox (9.62216pt too wide) in paragraph at lines 1--6
\JY1/mc/m/n/10 で
 []


Overfull \hbox (9.62216pt too wide) in paragraph at lines 1--6
\JY1/mc/m/n/10 表
 []


Overfull \hbox (9.62216pt too wide) in paragraph at lines 1--6
\JY1/mc/m/n/10 さ
 []


Overfull \hbox (9.62216pt too wide) in paragraph at lines 1--6
\JY1/mc/m/n/10 れ
 []


Overfull \hbox (14.1623pt too wide) in paragraph at lines 1--6
\JY1/mc/m/n/10 る 。
 []


Overfull \hbox (9.62216pt too wide) in paragraph at lines 1--6
\JY1/mc/m/n/10 こ
 []


Overfull \hbox (9.62216pt too wide) in paragraph at lines 1--6
\JY1/mc/m/n/10 の
 []


Overfull \hbox (9.62216pt too wide) in paragraph at lines 1--6
\JY1/mc/m/n/10 と
 []


Overfull \hbox (14.1623pt too wide) in paragraph at lines 1--6
\JY1/mc/m/n/10 き 、
 []


Overfull \hbox (9.62216pt too wide) in paragraph at lines 1--6
\JY1/mc/m/n/10 物
 []


Overfull \hbox (9.62216pt too wide) in paragraph at lines 1--6
\JY1/mc/m/n/10 点
 []


Overfull \hbox (9.62216pt too wide) in paragraph at lines 1--6
\JY1/mc/m/n/10 を
 []


Overfull \hbox (9.62216pt too wide) in paragraph at lines 1--6
\JY1/mc/m/n/10 通
 []


Overfull \hbox (9.62216pt too wide) in paragraph at lines 1--6
\JY1/mc/m/n/10 る
 []


Overfull \hbox (9.62216pt too wide) in paragraph at lines 1--6
\JY1/mc/m/n/10 よ
 []


Overfull \hbox (9.62216pt too wide) in paragraph at lines 1--6
\JY1/mc/m/n/10 う
 []


Overfull \hbox (9.62216pt too wide) in paragraph at lines 1--6
\JY1/mc/m/n/10 に
 []


Overfull \hbox (13.05557pt too wide) in paragraph at lines 1--6
\OT1/cmr/m/n/10 yz-
 []


Overfull \hbox (9.62216pt too wide) in paragraph at lines 1--6
\JY1/mc/m/n/10 面
 []


Overfull \hbox (9.62216pt too wide) in paragraph at lines 1--6
\JY1/mc/m/n/10 を
 []


Overfull \hbox (9.62216pt too wide) in paragraph at lines 1--6
\JY1/mc/m/n/10 選
 []


Overfull \hbox (14.1623pt too wide) in paragraph at lines 1--6
\JY1/mc/m/n/10 び 、
 []


Overfull \hbox (9.62216pt too wide) in paragraph at lines 1--6
\JY1/mc/m/n/10 極
 []


Overfull \hbox (9.62216pt too wide) in paragraph at lines 1--6
\JY1/mc/m/n/10 座
 []


Overfull \hbox (9.62216pt too wide) in paragraph at lines 1--6
\JY1/mc/m/n/10 標
 []


Overfull \hbox (9.62216pt too wide) in paragraph at lines 1--6
\JY1/mc/m/n/10 を
 []


Overfull \hbox (9.62216pt too wide) in paragraph at lines 1--6
\JY1/mc/m/n/10 用
 []


Overfull \hbox (9.62216pt too wide) in paragraph at lines 1--6
\JY1/mc/m/n/10 い
 []


Overfull \hbox (14.1623pt too wide) in paragraph at lines 1--6
\JY1/mc/m/n/10 る 。 
 []


! LaTeX Error: The font size command \normalsize is not defined:
               there is probably something wrong with the class file.

See the LaTeX manual or LaTeX Companion for explanation.
Type  H <return>  for immediate help.
 ...                                              
                                                  
l.6 \begin{eqnarray}
                    
Your command was ignored.
Type  I <command> <return>  to replace it with another command,
or  <return>  to continue without it.

[1]
LaTeX Font Info:    External font `cmex10' loaded for size
(Font)              <7> on input line 6.
LaTeX Font Info:    External font `cmex10' loaded for size
(Font)              <5> on input line 6.

Overfull \hbox (266.58359pt too wide) in alignment at lines 6--9
 [][][] []
 []


Overfull \hbox (9.62216pt too wide) in paragraph at lines 9--12
\JY1/mc/m/n/10 こ
 []


Overfull \hbox (9.62216pt too wide) in paragraph at lines 9--12
\JY1/mc/m/n/10 こ
 []


Overfull \hbox (14.1623pt too wide) in paragraph at lines 9--12
\JY1/mc/m/n/10 で 、
 []


Overfull \hbox (47.36122pt too wide) in paragraph at lines 9--12
\OT1/cmr/m/n/10 A,B,C,D,E
 []


Overfull \hbox (9.62216pt too wide) in paragraph at lines 9--12
\JY1/mc/m/n/10 は
 []


Overfull \hbox (9.62216pt too wide) in paragraph at lines 9--12
\JY1/mc/m/n/10 球
 []


Overfull \hbox (9.62216pt too wide) in paragraph at lines 9--12
\JY1/mc/m/n/10 面
 []


Overfull \hbox (9.62216pt too wide) in paragraph at lines 9--12
\JY1/mc/m/n/10 収
 []


Overfull \hbox (14.1623pt too wide) in paragraph at lines 9--12
\JY1/mc/m/n/10 差 、
 []


Overfull \hbox (9.62216pt too wide) in paragraph at lines 9--12
\JY1/mc/m/n/10 コ
 []


Overfull \hbox (9.62216pt too wide) in paragraph at lines 9--12
\JY1/mc/m/n/10 マ
 []


Overfull \hbox (9.62216pt too wide) in paragraph at lines 9--12
\JY1/mc/m/n/10 収
 []


Overfull \hbox (14.1623pt too wide) in paragraph at lines 9--12
\JY1/mc/m/n/10 差 、
 []


Overfull \hbox (9.62216pt too wide) in paragraph at lines 9--12
\JY1/mc/m/n/10 非
 []


Overfull \hbox (9.62216pt too wide) in paragraph at lines 9--12
\JY1/mc/m/n/10 点
 []


Overfull \hbox (9.62216pt too wide) in paragraph at lines 9--12
\JY1/mc/m/n/10 収
 []


Overfull \hbox (14.1623pt too wide) in paragraph at lines 9--12
\JY1/mc/m/n/10 差 、
 []


Overfull \hbox (9.62216pt too wide) in paragraph at lines 9--12
\JY1/mc/m/n/10 像
 []


Overfull \hbox (9.62216pt too wide) in paragraph at lines 9--12
\JY1/mc/m/n/10 面
 []


Overfull \hbox (9.62216pt too wide) in paragraph at lines 9--12
\JY1/mc/m/n/10 収
 []


Overfull \hbox (14.1623pt too wide) in paragraph at lines 9--12
\JY1/mc/m/n/10 差 、
 []


Overfull \hbox (9.62216pt too wide) in paragraph at lines 9--12
\JY1/mc/m/n/10 歪
 []


Overfull \hbox (9.62216pt too wide) in paragraph at lines 9--12
\JY1/mc/m/n/10 曲
 []


Overfull \hbox (9.62216pt too wide) in paragraph at lines 9--12
\JY1/mc/m/n/10 収
 []


Overfull \hbox (9.62216pt too wide) in paragraph at lines 9--12
\JY1/mc/m/n/10 差
 []


Overfull \hbox (9.62216pt too wide) in paragraph at lines 9--12
\JY1/mc/m/n/10 を
 []


Overfull \hbox (9.62216pt too wide) in paragraph at lines 9--12
\JY1/mc/m/n/10 表
 []


Overfull \hbox (9.62216pt too wide) in paragraph at lines 9--12
\JY1/mc/m/n/10 す
 []


Overfull \hbox (9.62216pt too wide) in paragraph at lines 9--12
\JY1/mc/m/n/10 収
 []


Overfull \hbox (9.62216pt too wide) in paragraph at lines 9--12
\JY1/mc/m/n/10 差
 []


Overfull \hbox (9.62216pt too wide) in paragraph at lines 9--12
\JY1/mc/m/n/10 係
 []


Overfull \hbox (9.62216pt too wide) in paragraph at lines 9--12
\JY1/mc/m/n/10 数
 []


Overfull \hbox (9.62216pt too wide) in paragraph at lines 9--12
\JY1/mc/m/n/10 で
 []


Overfull \hbox (9.62216pt too wide) in paragraph at lines 9--12
\JY1/mc/m/n/10 あ
 []


Overfull \hbox (14.1623pt too wide) in paragraph at lines 9--12
\JY1/mc/m/n/10 る 。
 []


Overfull \hbox (5.2778pt too wide) in paragraph at lines 9--12
\OT1/cmr/m/n/10 y
 []


Overfull \hbox (9.62216pt too wide) in paragraph at lines 9--12
\JY1/mc/m/n/10 は
 []


Overfull \hbox (9.62216pt too wide) in paragraph at lines 9--12
\JY1/mc/m/n/10 像
 []


Overfull \hbox (14.1623pt too wide) in paragraph at lines 9--12
\JY1/mc/m/n/10 高 、
 []


Overfull \hbox (11.66669pt too wide) in paragraph at lines 9--12
\OT1/cmr/m/n/10 r,$\OML/cmm/m/it/10 ^^R$
 []


Overfull \hbox (9.62216pt too wide) in paragraph at lines 9--12
\JY1/mc/m/n/10 は
 []


Overfull \hbox (9.62216pt too wide) in paragraph at lines 9--12
\JY1/mc/m/n/10 主
 []


Overfull \hbox (9.62216pt too wide) in paragraph at lines 9--12
\JY1/mc/m/n/10 平
 []


Overfull \hbox (9.62216pt too wide) in paragraph at lines 9--12
\JY1/mc/m/n/10 面
 []


Overfull \hbox (9.62216pt too wide) in paragraph at lines 9--12
\JY1/mc/m/n/10 上
 []


Overfull \hbox (9.62216pt too wide) in paragraph at lines 9--12
\JY1/mc/m/n/10 の
 []


Overfull \hbox (9.62216pt too wide) in paragraph at lines 9--12
\JY1/mc/m/n/10 極
 []


Overfull \hbox (9.62216pt too wide) in paragraph at lines 9--12
\JY1/mc/m/n/10 座
 []


Overfull \hbox (9.62216pt too wide) in paragraph at lines 9--12
\JY1/mc/m/n/10 標
 []


Overfull \hbox (9.62216pt too wide) in paragraph at lines 9--12
\JY1/mc/m/n/10 系
 []


Overfull \hbox (9.62216pt too wide) in paragraph at lines 9--12
\JY1/mc/m/n/10 に
 []


Overfull \hbox (9.62216pt too wide) in paragraph at lines 9--12
\JY1/mc/m/n/10 お
 []


Overfull \hbox (9.62216pt too wide) in paragraph at lines 9--12
\JY1/mc/m/n/10 け
 []


Overfull \hbox (9.62216pt too wide) in paragraph at lines 9--12
\JY1/mc/m/n/10 る
 []


Overfull \hbox (9.62216pt too wide) in paragraph at lines 9--12
\JY1/mc/m/n/10 半
 []


Overfull \hbox (9.62216pt too wide) in paragraph at lines 9--12
\JY1/mc/m/n/10 径
 []


Overfull \hbox (9.62216pt too wide) in paragraph at lines 9--12
\JY1/mc/m/n/10 と
 []


Overfull \hbox (9.62216pt too wide) in paragraph at lines 9--12
\JY1/mc/m/n/10 長
 []


Overfull \hbox (9.62216pt too wide) in paragraph at lines 9--12
\JY1/mc/m/n/10 さ
 []


Overfull \hbox (9.62216pt too wide) in paragraph at lines 9--12
\JY1/mc/m/n/10 を
 []


Overfull \hbox (9.62216pt too wide) in paragraph at lines 9--12
\JY1/mc/m/n/10 表
 []


Overfull \hbox (14.18115pt too wide) in paragraph at lines 9--12
\JY1/mc/m/n/10 す。
 []


Overfull \hbox (9.62216pt too wide) in paragraph at lines 9--12
\JY1/mc/m/n/10 こ
 []


Overfull \hbox (9.62216pt too wide) in paragraph at lines 9--12
\JY1/mc/m/n/10 こ
 []


Overfull \hbox (14.1623pt too wide) in paragraph at lines 9--12
\JY1/mc/m/n/10 で 、
 []


Overfull \hbox (9.62216pt too wide) in paragraph at lines 9--12
\JY1/mc/m/n/10 歪
 []


Overfull \hbox (9.62216pt too wide) in paragraph at lines 9--12
\JY1/mc/m/n/10 曲
 []


Overfull \hbox (9.62216pt too wide) in paragraph at lines 9--12
\JY1/mc/m/n/10 収
 []


Overfull \hbox (9.62216pt too wide) in paragraph at lines 9--12
\JY1/mc/m/n/10 差
 []


Overfull \hbox (9.62216pt too wide) in paragraph at lines 9--12
\JY1/mc/m/n/10 に
 []


Overfull \hbox (9.62216pt too wide) in paragraph at lines 9--12
\JY1/mc/m/n/10 つ
 []


Overfull \hbox (9.62216pt too wide) in paragraph at lines 9--12
\JY1/mc/m/n/10 い
 []


Overfull \hbox (9.62216pt too wide) in paragraph at lines 9--12
\JY1/mc/m/n/10 て
 []


Overfull \hbox (9.62216pt too wide) in paragraph at lines 9--12
\JY1/mc/m/n/10 考
 []


Overfull \hbox (9.62216pt too wide) in paragraph at lines 9--12
\JY1/mc/m/n/10 え
 []


Overfull \hbox (9.62216pt too wide) in paragraph at lines 9--12
\JY1/mc/m/n/10 る
 []


Overfull \hbox (9.62216pt too wide) in paragraph at lines 9--12
\JY1/mc/m/n/10 た
 []


Overfull \hbox (9.62216pt too wide) in paragraph at lines 9--12
\JY1/mc/m/n/10 め
 []


Overfull \hbox (14.1623pt too wide) in paragraph at lines 9--12
\JY1/mc/m/n/10 に 、
 []


Overfull \hbox (9.62216pt too wide) in paragraph at lines 9--12
\JY1/mc/m/n/10 収
 []


Overfull \hbox (9.62216pt too wide) in paragraph at lines 9--12
\JY1/mc/m/n/10 差
 []


Overfull \hbox (9.62216pt too wide) in paragraph at lines 9--12
\JY1/mc/m/n/10 係
 []


Overfull \hbox (9.62216pt too wide) in paragraph at lines 9--12
\JY1/mc/m/n/10 数
 []


Overfull \hbox (6.80557pt too wide) in paragraph at lines 9--12
\OT1/cmr/m/n/10 E
 []


Overfull \hbox (9.62216pt too wide) in paragraph at lines 9--12
\JY1/mc/m/n/10 以
 []


Overfull \hbox (9.62216pt too wide) in paragraph at lines 9--12
\JY1/mc/m/n/10 外
 []


Overfull \hbox (9.62216pt too wide) in paragraph at lines 9--12
\JY1/mc/m/n/10 の
 []


Overfull \hbox (9.62216pt too wide) in paragraph at lines 9--12
\JY1/mc/m/n/10 係
 []


Overfull \hbox (9.62216pt too wide) in paragraph at lines 9--12
\JY1/mc/m/n/10 数
 []


Overfull \hbox (9.62216pt too wide) in paragraph at lines 9--12
\JY1/mc/m/n/10 を
 []


Overfull \hbox (9.62216pt too wide) in paragraph at lines 9--12
\JY1/mc/m/n/10 零
 []


Overfull \hbox (9.62216pt too wide) in paragraph at lines 9--12
\JY1/mc/m/n/10 と
 []


Overfull \hbox (9.62216pt too wide) in paragraph at lines 9--12
\JY1/mc/m/n/10 し
 []


Overfull \hbox (9.62216pt too wide) in paragraph at lines 9--12
\JY1/mc/m/n/10 て
 []


Overfull \hbox (9.62216pt too wide) in paragraph at lines 9--12
\JY1/mc/m/n/10 考
 []


Overfull \hbox (9.62216pt too wide) in paragraph at lines 9--12
\JY1/mc/m/n/10 え
 []


Overfull \hbox (14.1623pt too wide) in paragraph at lines 9--12
\JY1/mc/m/n/10 る 。
 []


Overfull \hbox (9.62216pt too wide) in paragraph at lines 9--12
\JY1/mc/m/n/10 す
 []


Overfull \hbox (9.62216pt too wide) in paragraph at lines 9--12
\JY1/mc/m/n/10 る
 []


Overfull \hbox (14.1623pt too wide) in paragraph at lines 9--12
\JY1/mc/m/n/10 と 、 
 []


Overfull \hbox (42.33803pt too wide) in alignment at lines 12--15
 [][][] []
 []


! LaTeX Error: Missing \begin{document}.

See the LaTeX manual or LaTeX Companion for explanation.
Type  H <return>  for immediate help.
 ...                                              
                                                  
l.17 歪
       曲収差は光軸に垂直な平面上にある物体は、光軸に垂直な平面上に結像する...
You're in trouble here.  Try typing  <return>  to proceed.
If that doesn't work, type  X <return>  to quit.


Overfull \hbox (20.0pt too wide) in paragraph at lines 17--19
[]
 []


Overfull \hbox (9.62216pt too wide) in paragraph at lines 17--19
\JY1/mc/m/n/10 歪
 []


Overfull \hbox (9.62216pt too wide) in paragraph at lines 17--19
\JY1/mc/m/n/10 曲
 []


Overfull \hbox (9.62216pt too wide) in paragraph at lines 17--19
\JY1/mc/m/n/10 収
 []


Overfull \hbox (9.62216pt too wide) in paragraph at lines 17--19
\JY1/mc/m/n/10 差
 []


Overfull \hbox (9.62216pt too wide) in paragraph at lines 17--19
\JY1/mc/m/n/10 は
 []


Overfull \hbox (9.62216pt too wide) in paragraph at lines 17--19
\JY1/mc/m/n/10 光
 []


Overfull \hbox (9.62216pt too wide) in paragraph at lines 17--19
\JY1/mc/m/n/10 軸
 []


Overfull \hbox (9.62216pt too wide) in paragraph at lines 17--19
\JY1/mc/m/n/10 に
 []


Overfull \hbox (9.62216pt too wide) in paragraph at lines 17--19
\JY1/mc/m/n/10 垂
 []


Overfull \hbox (9.62216pt too wide) in paragraph at lines 17--19
\JY1/mc/m/n/10 直
 []


Overfull \hbox (9.62216pt too wide) in paragraph at lines 17--19
\JY1/mc/m/n/10 な
 []


Overfull \hbox (9.62216pt too wide) in paragraph at lines 17--19
\JY1/mc/m/n/10 平
 []


Overfull \hbox (9.62216pt too wide) in paragraph at lines 17--19
\JY1/mc/m/n/10 面
 []


Overfull \hbox (9.62216pt too wide) in paragraph at lines 17--19
\JY1/mc/m/n/10 上
 []


Overfull \hbox (9.62216pt too wide) in paragraph at lines 17--19
\JY1/mc/m/n/10 に
 []


Overfull \hbox (9.62216pt too wide) in paragraph at lines 17--19
\JY1/mc/m/n/10 あ
 []


Overfull \hbox (9.62216pt too wide) in paragraph at lines 17--19
\JY1/mc/m/n/10 る
 []


Overfull \hbox (9.62216pt too wide) in paragraph at lines 17--19
\JY1/mc/m/n/10 物
 []


Overfull \hbox (9.62216pt too wide) in paragraph at lines 17--19
\JY1/mc/m/n/10 体
 []


Overfull \hbox (14.1623pt too wide) in paragraph at lines 17--19
\JY1/mc/m/n/10 は 、
 []


Overfull \hbox (9.62216pt too wide) in paragraph at lines 17--19
\JY1/mc/m/n/10 光
 []


Overfull \hbox (9.62216pt too wide) in paragraph at lines 17--19
\JY1/mc/m/n/10 軸
 []


Overfull \hbox (9.62216pt too wide) in paragraph at lines 17--19
\JY1/mc/m/n/10 に
 []


Overfull \hbox (9.62216pt too wide) in paragraph at lines 17--19
\JY1/mc/m/n/10 垂
 []


Overfull \hbox (9.62216pt too wide) in paragraph at lines 17--19
\JY1/mc/m/n/10 直
 []


Overfull \hbox (9.62216pt too wide) in paragraph at lines 17--19
\JY1/mc/m/n/10 な
 []


Overfull \hbox (9.62216pt too wide) in paragraph at lines 17--19
\JY1/mc/m/n/10 平
 []


Overfull \hbox (9.62216pt too wide) in paragraph at lines 17--19
\JY1/mc/m/n/10 面
 []


Overfull \hbox (9.62216pt too wide) in paragraph at lines 17--19
\JY1/mc/m/n/10 上
 []


Overfull \hbox (9.62216pt too wide) in paragraph at lines 17--19
\JY1/mc/m/n/10 に
 []


Overfull \hbox (9.62216pt too wide) in paragraph at lines 17--19
\JY1/mc/m/n/10 結
 []


Overfull \hbox (9.62216pt too wide) in paragraph at lines 17--19
\JY1/mc/m/n/10 像
 []


Overfull \hbox (9.62216pt too wide) in paragraph at lines 17--19
\JY1/mc/m/n/10 す
 []


Overfull \hbox (9.62216pt too wide) in paragraph at lines 17--19
\JY1/mc/m/n/10 る
 []


Overfull \hbox (9.62216pt too wide) in paragraph at lines 17--19
\JY1/mc/m/n/10 た
 []


Overfull \hbox (14.1623pt too wide) in paragraph at lines 17--19
\JY1/mc/m/n/10 め 、
 []


Overfull \hbox (9.62216pt too wide) in paragraph at lines 17--19
\JY1/mc/m/n/10 像
 []


Overfull \hbox (9.62216pt too wide) in paragraph at lines 17--19
\JY1/mc/m/n/10 は
 []


Overfull \hbox (9.62216pt too wide) in paragraph at lines 17--19
\JY1/mc/m/n/10 鮮
 []


Overfull \hbox (9.62216pt too wide) in paragraph at lines 17--19
\JY1/mc/m/n/10 明
 []


Overfull \hbox (9.62216pt too wide) in paragraph at lines 17--19
\JY1/mc/m/n/10 と
 []


Overfull \hbox (9.62216pt too wide) in paragraph at lines 17--19
\JY1/mc/m/n/10 な
 []


Overfull \hbox (14.1623pt too wide) in paragraph at lines 17--19
\JY1/mc/m/n/10 る 。
 []


Overfull \hbox (9.62216pt too wide) in paragraph at lines 17--19
\JY1/mc/m/n/10 し
 []


Overfull \hbox (9.62216pt too wide) in paragraph at lines 17--19
\JY1/mc/m/n/10 か
 []


Overfull \hbox (14.1623pt too wide) in paragraph at lines 17--19
\JY1/mc/m/n/10 し 、
 []


Overfull \hbox (9.62216pt too wide) in paragraph at lines 17--19
\JY1/mc/m/n/10 光
 []


Overfull \hbox (9.62216pt too wide) in paragraph at lines 17--19
\JY1/mc/m/n/10 軸
 []


Overfull \hbox (9.62216pt too wide) in paragraph at lines 17--19
\JY1/mc/m/n/10 か
 []


Overfull \hbox (9.62216pt too wide) in paragraph at lines 17--19
\JY1/mc/m/n/10 ら
 []


Overfull \hbox (9.62216pt too wide) in paragraph at lines 17--19
\JY1/mc/m/n/10 離
 []


Overfull \hbox (9.62216pt too wide) in paragraph at lines 17--19
\JY1/mc/m/n/10 れ
 []


Overfull \hbox (9.62216pt too wide) in paragraph at lines 17--19
\JY1/mc/m/n/10 た
 []


Overfull \hbox (9.62216pt too wide) in paragraph at lines 17--19
\JY1/mc/m/n/10 部
 []


Overfull \hbox (9.62216pt too wide) in paragraph at lines 17--19
\JY1/mc/m/n/10 分
 []


Overfull \hbox (9.62216pt too wide) in paragraph at lines 17--19
\JY1/mc/m/n/10 ほ
 []


Overfull \hbox (9.62216pt too wide) in paragraph at lines 17--19
\JY1/mc/m/n/10 ど
 []


Overfull \hbox (9.62216pt too wide) in paragraph at lines 17--19
\JY1/mc/m/n/10 形
 []


Overfull \hbox (9.62216pt too wide) in paragraph at lines 17--19
\JY1/mc/m/n/10 状
 []


Overfull \hbox (9.62216pt too wide) in paragraph at lines 17--19
\JY1/mc/m/n/10 が
 []


Overfull \hbox (9.62216pt too wide) in paragraph at lines 17--19
\JY1/mc/m/n/10 歪
 []


Overfull \hbox (9.62216pt too wide) in paragraph at lines 17--19
\JY1/mc/m/n/10 む
 []


Overfull \hbox (9.62216pt too wide) in paragraph at lines 17--19
\JY1/mc/m/n/10 性
 []


Overfull \hbox (9.62216pt too wide) in paragraph at lines 17--19
\JY1/mc/m/n/10 質
 []


Overfull \hbox (9.62216pt too wide) in paragraph at lines 17--19
\JY1/mc/m/n/10 が
 []


Overfull \hbox (9.62216pt too wide) in paragraph at lines 17--19
\JY1/mc/m/n/10 観
 []


Overfull \hbox (9.62216pt too wide) in paragraph at lines 17--19
\JY1/mc/m/n/10 測
 []


Overfull \hbox (9.62216pt too wide) in paragraph at lines 17--19
\JY1/mc/m/n/10 で
 []


Overfull \hbox (9.62216pt too wide) in paragraph at lines 17--19
\JY1/mc/m/n/10 き
 []


Overfull \hbox (14.1623pt too wide) in paragraph at lines 17--19
\JY1/mc/m/n/10 る 。
 []


Overfull \hbox (9.62216pt too wide) in paragraph at lines 17--19
\JY1/mc/m/n/10 歪
 []


Overfull \hbox (9.62216pt too wide) in paragraph at lines 17--19
\JY1/mc/m/n/10 む
 []


Overfull \hbox (9.62216pt too wide) in paragraph at lines 17--19
\JY1/mc/m/n/10 形
 []


Overfull \hbox (9.62216pt too wide) in paragraph at lines 17--19
\JY1/mc/m/n/10 に
 []


Overfull \hbox (9.62216pt too wide) in paragraph at lines 17--19
\JY1/mc/m/n/10 は
 []


Overfull \hbox (9.62216pt too wide) in paragraph at lines 17--19
\JY1/mc/m/n/10 糸
 []


Overfull \hbox (9.62216pt too wide) in paragraph at lines 17--19
\JY1/mc/m/n/10 巻
 []


Overfull \hbox (9.62216pt too wide) in paragraph at lines 17--19
\JY1/mc/m/n/10 き
 []


Overfull \hbox (9.62216pt too wide) in paragraph at lines 17--19
\JY1/mc/m/n/10 型
 []


Overfull \hbox (9.62216pt too wide) in paragraph at lines 17--19
\JY1/mc/m/n/10 や
 []


Overfull \hbox (9.62216pt too wide) in paragraph at lines 17--19
\JY1/mc/m/n/10 樽
 []


Overfull \hbox (9.62216pt too wide) in paragraph at lines 17--19
\JY1/mc/m/n/10 型
 []


Overfull \hbox (9.62216pt too wide) in paragraph at lines 17--19
\JY1/mc/m/n/10 が
 []


Overfull \hbox (9.62216pt too wide) in paragraph at lines 17--19
\JY1/mc/m/n/10 挙
 []


Overfull \hbox (9.62216pt too wide) in paragraph at lines 17--19
\JY1/mc/m/n/10 げ
 []


Overfull \hbox (9.62216pt too wide) in paragraph at lines 17--19
\JY1/mc/m/n/10 ら
 []


Overfull \hbox (9.62216pt too wide) in paragraph at lines 17--19
\JY1/mc/m/n/10 れ
 []


Overfull \hbox (14.1623pt too wide) in paragraph at lines 17--19
\JY1/mc/m/n/10 る 。
 []


Overfull \hbox (9.62216pt too wide) in paragraph at lines 17--19
\JY1/mc/m/n/10 歪
 []


Overfull \hbox (9.62216pt too wide) in paragraph at lines 17--19
\JY1/mc/m/n/10 曲
 []


Overfull \hbox (9.62216pt too wide) in paragraph at lines 17--19
\JY1/mc/m/n/10 収
 []


Overfull \hbox (9.62216pt too wide) in paragraph at lines 17--19
\JY1/mc/m/n/10 差
 []


Overfull \hbox (9.62216pt too wide) in paragraph at lines 17--19
\JY1/mc/m/n/10 は
 []


Overfull \hbox (9.62216pt too wide) in paragraph at lines 17--19
\JY1/mc/m/n/10 像
 []


Overfull \hbox (9.62216pt too wide) in paragraph at lines 17--19
\JY1/mc/m/n/10 点
 []


Overfull \hbox (9.62216pt too wide) in paragraph at lines 17--19
\JY1/mc/m/n/10 の
 []


Overfull \hbox (9.62216pt too wide) in paragraph at lines 17--19
\JY1/mc/m/n/10 ず
 []


Overfull \hbox (9.62216pt too wide) in paragraph at lines 17--19
\JY1/mc/m/n/10 れ
 []


Overfull \hbox (9.62216pt too wide) in paragraph at lines 17--19
\JY1/mc/m/n/10 が
 []


Overfull \hbox (9.62216pt too wide) in paragraph at lines 17--19
\JY1/mc/m/n/10 像
 []


Overfull \hbox (9.62216pt too wide) in paragraph at lines 17--19
\JY1/mc/m/n/10 高
 []


Overfull \hbox (9.62216pt too wide) in paragraph at lines 17--19
\JY1/mc/m/n/10 の
 []


Overfull \hbox (5.00002pt too wide) in paragraph at lines 17--19
\OT1/cmr/m/n/10 3
 []


Overfull \hbox (9.62216pt too wide) in paragraph at lines 17--19
\JY1/mc/m/n/10 乗
 []


Overfull \hbox (9.62216pt too wide) in paragraph at lines 17--19
\JY1/mc/m/n/10 に
 []


Overfull \hbox (9.62216pt too wide) in paragraph at lines 17--19
\JY1/mc/m/n/10 比
 []


Overfull \hbox (9.62216pt too wide) in paragraph at lines 17--19
\JY1/mc/m/n/10 例
 []


Overfull \hbox (9.62216pt too wide) in paragraph at lines 17--19
\JY1/mc/m/n/10 す
 []


Overfull \hbox (9.62216pt too wide) in paragraph at lines 17--19
\JY1/mc/m/n/10 る
 []


Overfull \hbox (9.62216pt too wide) in paragraph at lines 17--19
\JY1/mc/m/n/10 た
 []


Overfull \hbox (14.1623pt too wide) in paragraph at lines 17--19
\JY1/mc/m/n/10 め 、
 []


Overfull \hbox (9.62216pt too wide) in paragraph at lines 17--19
\JY1/mc/m/n/10 像
 []


Overfull \hbox (9.62216pt too wide) in paragraph at lines 17--19
\JY1/mc/m/n/10 の
 []


Overfull \hbox (9.62216pt too wide) in paragraph at lines 17--19
\JY1/mc/m/n/10 大
 []


Overfull \hbox (9.62216pt too wide) in paragraph at lines 17--19
\JY1/mc/m/n/10 き
 []


Overfull \hbox (9.62216pt too wide) in paragraph at lines 17--19
\JY1/mc/m/n/10 さ
 []


Overfull \hbox (9.62216pt too wide) in paragraph at lines 17--19
\JY1/mc/m/n/10 に
 []


Overfull \hbox (9.62216pt too wide) in paragraph at lines 17--19
\JY1/mc/m/n/10 よ
 []


Overfull \hbox (7.47433pt too wide) in paragraph at lines 17--19
\JY1/mc/m/n/10 っ
 []


Overfull \hbox (9.62216pt too wide) in paragraph at lines 17--19
\JY1/mc/m/n/10 て
 []


Overfull \hbox (9.62216pt too wide) in paragraph at lines 17--19
\JY1/mc/m/n/10 横
 []


Overfull \hbox (9.62216pt too wide) in paragraph at lines 17--19
\JY1/mc/m/n/10 倍
 []


Overfull \hbox (9.62216pt too wide) in paragraph at lines 17--19
\JY1/mc/m/n/10 率
 []


Overfull \hbox (9.62216pt too wide) in paragraph at lines 17--19
\JY1/mc/m/n/10 が
 []


Overfull \hbox (9.62216pt too wide) in paragraph at lines 17--19
\JY1/mc/m/n/10 異
 []


Overfull \hbox (9.62216pt too wide) in paragraph at lines 17--19
\JY1/mc/m/n/10 な
 []


Overfull \hbox (9.62216pt too wide) in paragraph at lines 17--19
\JY1/mc/m/n/10 る
 []


Overfull \hbox (9.62216pt too wide) in paragraph at lines 17--19
\JY1/mc/m/n/10 こ
 []


Overfull \hbox (9.62216pt too wide) in paragraph at lines 17--19
\JY1/mc/m/n/10 と
 []


Overfull \hbox (9.62216pt too wide) in paragraph at lines 17--19
\JY1/mc/m/n/10 に
 []


Overfull \hbox (9.62216pt too wide) in paragraph at lines 17--19
\JY1/mc/m/n/10 よ
 []


Overfull \hbox (9.62216pt too wide) in paragraph at lines 17--19
\JY1/mc/m/n/10 り
 []


Overfull \hbox (9.62216pt too wide) in paragraph at lines 17--19
\JY1/mc/m/n/10 生
 []


Overfull \hbox (9.62216pt too wide) in paragraph at lines 17--19
\JY1/mc/m/n/10 じ
 []


Overfull \hbox (14.1623pt too wide) in paragraph at lines 17--19
\JY1/mc/m/n/10 る 。
 []


Overfull \hbox (9.62216pt too wide) in paragraph at lines 17--19
\JY1/mc/m/n/10 つ
 []


Overfull \hbox (9.62216pt too wide) in paragraph at lines 17--19
\JY1/mc/m/n/10 ま
 []


Overfull \hbox (14.18115pt too wide) in paragraph at lines 17--19
\JY1/mc/m/n/10 り、
 []


Overfull \hbox (9.62216pt too wide) in paragraph at lines 17--19
\JY1/mc/m/n/10 入
 []


Overfull \hbox (9.62216pt too wide) in paragraph at lines 17--19
\JY1/mc/m/n/10 射
 []


Overfull \hbox (9.62216pt too wide) in paragraph at lines 17--19
\JY1/mc/m/n/10 光
 []


Overfull \hbox (9.62216pt too wide) in paragraph at lines 17--19
\JY1/mc/m/n/10 線
 []


Overfull \hbox (9.62216pt too wide) in paragraph at lines 17--19
\JY1/mc/m/n/10 の
 []


Overfull \hbox (9.62216pt too wide) in paragraph at lines 17--19
\JY1/mc/m/n/10 画
 []


Overfull \hbox (9.62216pt too wide) in paragraph at lines 17--19
\JY1/mc/m/n/10 角
 []


Overfull \hbox (9.62216pt too wide) in paragraph at lines 17--19
\JY1/mc/m/n/10 ま
 []


Overfull \hbox (9.62216pt too wide) in paragraph at lines 17--19
\JY1/mc/m/n/10 た
 []


Overfull \hbox (9.62216pt too wide) in paragraph at lines 17--19
\JY1/mc/m/n/10 は
 []


Overfull \hbox (9.62216pt too wide) in paragraph at lines 17--19
\JY1/mc/m/n/10 像
 []


Overfull \hbox (9.62216pt too wide) in paragraph at lines 17--19
\JY1/mc/m/n/10 高
 []


Overfull \hbox (9.62216pt too wide) in paragraph at lines 17--19
\JY1/mc/m/n/10 に
 []


Overfull \hbox (9.62216pt too wide) in paragraph at lines 17--19
\JY1/mc/m/n/10 よ
 []


Overfull \hbox (14.18115pt too wide) in paragraph at lines 17--19
\JY1/mc/m/n/10 り、
 []


Overfull \hbox (9.62216pt too wide) in paragraph at lines 17--19
\JY1/mc/m/n/10 結
 []


Overfull \hbox (9.62216pt too wide) in paragraph at lines 17--19
\JY1/mc/m/n/10 像
 []


Overfull \hbox (9.62216pt too wide) in paragraph at lines 17--19
\JY1/mc/m/n/10 倍
 []


Overfull \hbox (9.62216pt too wide) in paragraph at lines 17--19
\JY1/mc/m/n/10 率
 []


Overfull \hbox (9.62216pt too wide) in paragraph at lines 17--19
\JY1/mc/m/n/10 が
 []


Overfull \hbox (9.62216pt too wide) in paragraph at lines 17--19
\JY1/mc/m/n/10 異
 []


Overfull \hbox (9.62216pt too wide) in paragraph at lines 17--19
\JY1/mc/m/n/10 な
 []


Overfull \hbox (7.47433pt too wide) in paragraph at lines 17--19
\JY1/mc/m/n/10 っ
 []


Overfull \hbox (9.62216pt too wide) in paragraph at lines 17--19
\JY1/mc/m/n/10 て
 []


Overfull \hbox (9.62216pt too wide) in paragraph at lines 17--19
\JY1/mc/m/n/10 し
 []


Overfull \hbox (9.62216pt too wide) in paragraph at lines 17--19
\JY1/mc/m/n/10 ま
 []


Overfull \hbox (14.18115pt too wide) in paragraph at lines 17--19
\JY1/mc/m/n/10 う。 
 []


! LaTeX Error: Environment figure undefined.

See the LaTeX manual or LaTeX Companion for explanation.
Type  H <return>  for immediate help.
 ...                                              
                                                  
l.20 \begin{figure}
                   [h]
Your command was ignored.
Type  I <command> <return>  to replace it with another command,
or  <return>  to continue without it.


! LaTeX Error: Missing \begin{document}.

See the LaTeX manual or LaTeX Companion for explanation.
Type  H <return>  for immediate help.
 ...                                              
                                                  
l.20 \begin{figure}[
                    h]
You're in trouble here.  Try typing  <return>  to proceed.
If that doesn't work, type  X <return>  to quit.

! Undefined control sequence.
l.22 ^^I\includegraphics
                        [width=50mm]{image/dummy.png.eps}
The control sequence at the end of the top line
of your error message was never \def'ed. If you have
misspelled it (e.g., `\hobx'), type `I' and the correct
spelling (e.g., `I\hbox'). Otherwise just continue,
and I'll forget about whatever was undefined.


! LaTeX Error: \caption outside float.

See the LaTeX manual or LaTeX Companion for explanation.
Type  H <return>  for immediate help.
 ...                                              
                                                  
l.23 ^^I\caption
                {歪曲収差}
You're in trouble here.  Try typing  <return>  to proceed.
If that doesn't work, type  X <return>  to quit.


! LaTeX Error: \begin{document} ended by \end{figure}.

See the LaTeX manual or LaTeX Companion for explanation.
Type  H <return>  for immediate help.
 ...                                              
                                                  
l.25 \end{figure}
                 
Your command was ignored.
Type  I <command> <return>  to replace it with another command,
or  <return>  to continue without it.


Overfull \hbox (31.11115pt too wide) in paragraph at lines 20--26
[]\OT1/cmr/m/n/10 [h]
 []


Overfull \hbox (163.11154pt too wide) in paragraph at lines 20--26
\OT1/cmr/m/n/10 [width=50mm]image/dummy.png.eps
 []


Overfull \hbox (9.62216pt too wide) in paragraph at lines 20--26
\JY1/mc/m/n/10 歪
 []


Overfull \hbox (9.62216pt too wide) in paragraph at lines 20--26
\JY1/mc/m/n/10 曲
 []


Overfull \hbox (9.62216pt too wide) in paragraph at lines 20--26
\JY1/mc/m/n/10 収
 []


Overfull \hbox (9.62216pt too wide) in paragraph at lines 20--26
\JY1/mc/m/n/10 差[]
 []


! LaTeX Error: Environment figure undefined.

See the LaTeX manual or LaTeX Companion for explanation.
Type  H <return>  for immediate help.
 ...                                              
                                                  
l.27 \begin{figure}
                   [h]
Your command was ignored.
Type  I <command> <return>  to replace it with another command,
or  <return>  to continue without it.


! LaTeX Error: Missing \begin{document}.

See the LaTeX manual or LaTeX Companion for explanation.
Type  H <return>  for immediate help.
 ...                                              
                                                  
l.27 \begin{figure}[
                    h]
You're in trouble here.  Try typing  <return>  to proceed.
If that doesn't work, type  X <return>  to quit.


Overfull \hbox (31.11115pt too wide) in paragraph at lines 27--28
[]\OT1/cmr/m/n/10 [h] 
 []

! Undefined control sequence.
l.30     \subfloat
                  [糸巻き型]{\includegraphics[width=50mm]{image/dummy.png.ep...
The control sequence at the end of the top line
of your error message was never \def'ed. If you have
misspelled it (e.g., `\hobx'), type `I' and the correct
spelling (e.g., `I\hbox'). Otherwise just continue,
and I'll forget about whatever was undefined.


! LaTeX Error: Missing \begin{document}.

See the LaTeX manual or LaTeX Companion for explanation.
Type  H <return>  for immediate help.
 ...                                              
                                                  
l.30     \subfloat[
                   糸巻き型]{\includegraphics[width=50mm]{image/dummy.png.ep...

You're in trouble here.  Try typing  <return>  to proceed.
If that doesn't work, type  X <return>  to quit.

! Undefined control sequence.
l.30     \subfloat[糸巻き型]{\includegraphics
                                             [width=50mm]{image/dummy.png.ep...
The control sequence at the end of the top line
of your error message was never \def'ed. If you have
misspelled it (e.g., `\hobx'), type `I' and the correct
spelling (e.g., `I\hbox'). Otherwise just continue,
and I'll forget about whatever was undefined.

! Undefined control sequence.
l.31     \subfloat
                  [樽型]{\includegraphics[width=50mm]{image/dummy.png.eps} \...
The control sequence at the end of the top line
of your error message was never \def'ed. If you have
misspelled it (e.g., `\hobx'), type `I' and the correct
spelling (e.g., `I\hbox'). Otherwise just continue,
and I'll forget about whatever was undefined.

! Undefined control sequence.
l.31     \subfloat[樽型]{\includegraphics
                                         [width=50mm]{image/dummy.png.eps} \...
The control sequence at the end of the top line
of your error message was never \def'ed. If you have
misspelled it (e.g., `\hobx'), type `I' and the correct
spelling (e.g., `I\hbox'). Otherwise just continue,
and I'll forget about whatever was undefined.


Overfull \hbox (12.39995pt too wide) in paragraph at lines 30--32
 []\OT1/cmr/m/n/10 [\JY1/mc/m/n/10 糸 
 []


Overfull \hbox (9.62216pt too wide) in paragraph at lines 30--32
 \JY1/mc/m/n/10 巻 
 []


Overfull \hbox (9.62216pt too wide) in paragraph at lines 30--32
 \JY1/mc/m/n/10 き 
 []


Overfull \hbox (175.51149pt too wide) in paragraph at lines 30--32
 \JY1/mc/m/n/10 型\OT1/cmr/m/n/10 ][width=50mm]image/dummy.png.eps 
 []


Overfull \hbox (12.39995pt too wide) in paragraph at lines 30--32
 \OT1/cmr/m/n/10 [\JY1/mc/m/n/10 樽 
 []


Overfull \hbox (175.51149pt too wide) in paragraph at lines 30--32
 \JY1/mc/m/n/10 型\OT1/cmr/m/n/10 ][width=50mm]image/dummy.png.eps 
 []


! LaTeX Error: \caption outside float.

See the LaTeX manual or LaTeX Companion for explanation.
Type  H <return>  for immediate help.
 ...                                              
                                                  
l.33     \caption
                 {歪曲収差による観測できる形}
You're in trouble here.  Try typing  <return>  to proceed.
If that doesn't work, type  X <return>  to quit.


! LaTeX Error: Missing \begin{document}.

See the LaTeX manual or LaTeX Companion for explanation.
Type  H <return>  for immediate help.
 ...                                              
                                                  
l.33     \caption{歪
                    曲収差による観測できる形}
You're in trouble here.  Try typing  <return>  to proceed.
If that doesn't work, type  X <return>  to quit.


! LaTeX Error: \begin{document} ended by \end{figure}.

See the LaTeX manual or LaTeX Companion for explanation.
Type  H <return>  for immediate help.
 ...                                              
                                                  
l.35 \end{figure}
                 
Your command was ignored.
Type  I <command> <return>  to replace it with another command,
or  <return>  to continue without it.

)
! Emergency stop.
<*> 1.tex
         
*** (job aborted, no legal \end found)

 
Here is how much of TeX's memory you used:
 9 strings out of 494001
 66 string characters out of 6156134
 64568 words of memory out of 5000000
 3569 multiletter control sequences out of 15000+600000
 7519 words of font info for 31 fonts, out of 8000000 for 9000
 745 hyphenation exceptions out of 8191
 18i,6n,12p,206b,124s stack positions out of 5000i,500n,10000p,200000b,80000s
Output written on 1.dvi (1 page, 824 bytes).
